Detecting compiler hash for triplet arm64-osx...
Compiler found: /Library/Developer/CommandLineTools/usr/bin/c++
All requested packages are currently installed.
Total install time: 42 ns
glad provides CMake targets:

  # this is heuristically generated, and may not be correct
  find_package(glad CONFIG REQUIRED)
  target_link_libraries(main PRIVATE glad::glad)

glfw3 provides CMake targets:

  # this is heuristically generated, and may not be correct
  find_package(glfw3 CONFIG REQUIRED)
  target_link_libraries(main PRIVATE glfw)

glfw3 provides pkg-config modules:

  # A multi-platform library for OpenGL, window and input
  glfw3

The package glm provides CMake targets:

    find_package(glm CONFIG REQUIRED)
    target_link_libraries(main PRIVATE glm::glm)

    # Or use the header-only version
    find_package(glm CONFIG REQUIRED)
    target_link_libraries(main PRIVATE glm::glm-header-only)

rapidjson provides CMake targets:

  # this is heuristically generated, and may not be correct
  find_package(RapidJSON CONFIG REQUIRED)
  target_link_libraries(main PRIVATE rapidjson)

rapidjson provides pkg-config modules:

  # A fast JSON parser/generator for C++ with both SAX/DOM style API
  RapidJSON

The package stb provides CMake targets:

    find_package(Stb REQUIRED)
    target_include_directories(main PRIVATE ${Stb_INCLUDE_DIR})
